[2025-11-21T10:59:23.080435+00:00] main.CRITICAL: ReflectionException: Class "Magento\Framework\App\Http\Interceptor" does not exist in /var/www/html/vendor/magento/framework/Code/Reader/ClassReader.php:34
Stack trace:
#0 /var/www/html/vendor/magento/framework/Code/Reader/ClassReader.php(34): ReflectionClass->__construct('Magento\\Framewo...')
#1 /var/www/html/vendor/magento/framework/ObjectManager/Definition/Runtime.php(50): Magento\Framework\Code\Reader\ClassReader->getConstructor('Magento\\Framewo...')
#2 /var/www/html/vendor/magento/framework/ObjectManager/Factory/Dynamic/Developer.php(48): Magento\Framework\ObjectManager\Definition\Runtime->getParameters('Magento\\Framewo...')
#3 /var/www/html/vendor/magento/framework/ObjectManager/ObjectManager.php(59): Magento\Framework\ObjectManager\Factory\Dynamic\Developer->create('Magento\\Framewo...', Array)
#4 /var/www/html/vendor/magento/framework/App/Bootstrap.php(238): Magento\Framework\ObjectManager\ObjectManager->create('Magento\\Framewo...', Array)
#5 /var/www/html/pub/index.php(29): Magento\Framework\App\Bootstrap->createApplication('Magento\\Framewo...')
#6 {main} {"exception":"[object] (ReflectionException(code: -1): Class \"Magento\\Framework\\App\\Http\\Interceptor\" does not exist at /var/www/html/vendor/magento/framework/Code/Reader/ClassReader.php:34)"} []
[2025-11-21T10:59:25.574484+00:00] main.CRITICAL: ReflectionException: Class "Magento\Framework\App\Http\Interceptor" does not exist in /var/www/html/vendor/magento/framework/Code/Reader/ClassReader.php:34
Stack trace:
#0 /var/www/html/vendor/magento/framework/Code/Reader/ClassReader.php(34): ReflectionClass->__construct('Magento\\Framewo...')
#1 /var/www/html/vendor/magento/framework/ObjectManager/Definition/Runtime.php(50): Magento\Framework\Code\Reader\ClassReader->getConstructor('Magento\\Framewo...')
#2 /var/www/html/vendor/magento/framework/ObjectManager/Factory/Dynamic/Developer.php(48): Magento\Framework\ObjectManager\Definition\Runtime->getParameters('Magento\\Framewo...')
#3 /var/www/html/vendor/magento/framework/ObjectManager/ObjectManager.php(59): Magento\Framework\ObjectManager\Factory\Dynamic\Developer->create('Magento\\Framewo...', Array)
#4 /var/www/html/vendor/magento/framework/App/Bootstrap.php(238): Magento\Framework\ObjectManager\ObjectManager->create('Magento\\Framewo...', Array)
#5 /var/www/html/pub/index.php(29): Magento\Framework\App\Bootstrap->createApplication('Magento\\Framewo...')
#6 {main} {"exception":"[object] (ReflectionException(code: -1): Class \"Magento\\Framework\\App\\Http\\Interceptor\" does not exist at /var/www/html/vendor/magento/framework/Code/Reader/ClassReader.php:34)"} []
[2025-11-21T11:21:06.116871+00:00] main.CRITICAL: ReflectionException: Class "Magento\Framework\App\Http\Interceptor" does not exist in /var/www/html/vendor/magento/framework/Code/Reader/ClassReader.php:34
Stack trace:
#0 /var/www/html/vendor/magento/framework/Code/Reader/ClassReader.php(34): ReflectionClass->__construct('Magento\\Framewo...')
#1 /var/www/html/vendor/magento/framework/ObjectManager/Definition/Runtime.php(50): Magento\Framework\Code\Reader\ClassReader->getConstructor('Magento\\Framewo...')
#2 /var/www/html/vendor/magento/framework/ObjectManager/Factory/Dynamic/Developer.php(48): Magento\Framework\ObjectManager\Definition\Runtime->getParameters('Magento\\Framewo...')
#3 /var/www/html/vendor/magento/framework/ObjectManager/ObjectManager.php(59): Magento\Framework\ObjectManager\Factory\Dynamic\Developer->create('Magento\\Framewo...', Array)
#4 /var/www/html/vendor/magento/framework/App/Bootstrap.php(238): Magento\Framework\ObjectManager\ObjectManager->create('Magento\\Framewo...', Array)
#5 /var/www/html/pub/index.php(29): Magento\Framework\App\Bootstrap->createApplication('Magento\\Framewo...')
#6 {main} {"exception":"[object] (ReflectionException(code: -1): Class \"Magento\\Framework\\App\\Http\\Interceptor\" does not exist at /var/www/html/vendor/magento/framework/Code/Reader/ClassReader.php:34)"} []
[2025-11-21T11:21:07.641077+00:00] main.CRITICAL: ReflectionException: Class "Magento\Framework\App\Http\Interceptor" does not exist in /var/www/html/vendor/magento/framework/Code/Reader/ClassReader.php:34
Stack trace:
#0 /var/www/html/vendor/magento/framework/Code/Reader/ClassReader.php(34): ReflectionClass->__construct('Magento\\Framewo...')
#1 /var/www/html/vendor/magento/framework/ObjectManager/Definition/Runtime.php(50): Magento\Framework\Code\Reader\ClassReader->getConstructor('Magento\\Framewo...')
#2 /var/www/html/vendor/magento/framework/ObjectManager/Factory/Dynamic/Developer.php(48): Magento\Framework\ObjectManager\Definition\Runtime->getParameters('Magento\\Framewo...')
#3 /var/www/html/vendor/magento/framework/ObjectManager/ObjectManager.php(59): Magento\Framework\ObjectManager\Factory\Dynamic\Developer->create('Magento\\Framewo...', Array)
#4 /var/www/html/vendor/magento/framework/App/Bootstrap.php(238): Magento\Framework\ObjectManager\ObjectManager->create('Magento\\Framewo...', Array)
#5 /var/www/html/pub/index.php(29): Magento\Framework\App\Bootstrap->createApplication('Magento\\Framewo...')
#6 {main} {"exception":"[object] (ReflectionException(code: -1): Class \"Magento\\Framework\\App\\Http\\Interceptor\" does not exist at /var/www/html/vendor/magento/framework/Code/Reader/ClassReader.php:34)"} []
[2025-11-21T11:21:53.761069+00:00] main.CRITICAL: ReflectionException: Class "Magento\Framework\App\Http\Interceptor" does not exist in /var/www/html/vendor/magento/framework/Code/Reader/ClassReader.php:34
Stack trace:
#0 /var/www/html/vendor/magento/framework/Code/Reader/ClassReader.php(34): ReflectionClass->__construct('Magento\\Framewo...')
#1 /var/www/html/vendor/magento/framework/ObjectManager/Definition/Runtime.php(50): Magento\Framework\Code\Reader\ClassReader->getConstructor('Magento\\Framewo...')
#2 /var/www/html/vendor/magento/framework/ObjectManager/Factory/Dynamic/Developer.php(48): Magento\Framework\ObjectManager\Definition\Runtime->getParameters('Magento\\Framewo...')
#3 /var/www/html/vendor/magento/framework/ObjectManager/ObjectManager.php(59): Magento\Framework\ObjectManager\Factory\Dynamic\Developer->create('Magento\\Framewo...', Array)
#4 /var/www/html/vendor/magento/framework/App/Bootstrap.php(238): Magento\Framework\ObjectManager\ObjectManager->create('Magento\\Framewo...', Array)
#5 /var/www/html/pub/index.php(29): Magento\Framework\App\Bootstrap->createApplication('Magento\\Framewo...')
#6 {main} {"exception":"[object] (ReflectionException(code: -1): Class \"Magento\\Framework\\App\\Http\\Interceptor\" does not exist at /var/www/html/vendor/magento/framework/Code/Reader/ClassReader.php:34)"} []
[2025-11-21T11:21:55.177493+00:00] main.CRITICAL: ReflectionException: Class "Magento\Framework\App\Http\Interceptor" does not exist in /var/www/html/vendor/magento/framework/Code/Reader/ClassReader.php:34
Stack trace:
#0 /var/www/html/vendor/magento/framework/Code/Reader/ClassReader.php(34): ReflectionClass->__construct('Magento\\Framewo...')
#1 /var/www/html/vendor/magento/framework/ObjectManager/Definition/Runtime.php(50): Magento\Framework\Code\Reader\ClassReader->getConstructor('Magento\\Framewo...')
#2 /var/www/html/vendor/magento/framework/ObjectManager/Factory/Dynamic/Developer.php(48): Magento\Framework\ObjectManager\Definition\Runtime->getParameters('Magento\\Framewo...')
#3 /var/www/html/vendor/magento/framework/ObjectManager/ObjectManager.php(59): Magento\Framework\ObjectManager\Factory\Dynamic\Developer->create('Magento\\Framewo...', Array)
#4 /var/www/html/vendor/magento/framework/App/Bootstrap.php(238): Magento\Framework\ObjectManager\ObjectManager->create('Magento\\Framewo...', Array)
#5 /var/www/html/pub/index.php(29): Magento\Framework\App\Bootstrap->createApplication('Magento\\Framewo...')
#6 {main} {"exception":"[object] (ReflectionException(code: -1): Class \"Magento\\Framework\\App\\Http\\Interceptor\" does not exist at /var/www/html/vendor/magento/framework/Code/Reader/ClassReader.php:34)"} []
[2025-11-21T11:21:56.860821+00:00] main.CRITICAL: ReflectionException: Class "Magento\Framework\App\Http\Interceptor" does not exist in /var/www/html/vendor/magento/framework/Code/Reader/ClassReader.php:34
Stack trace:
#0 /var/www/html/vendor/magento/framework/Code/Reader/ClassReader.php(34): ReflectionClass->__construct('Magento\\Framewo...')
#1 /var/www/html/vendor/magento/framework/ObjectManager/Definition/Runtime.php(50): Magento\Framework\Code\Reader\ClassReader->getConstructor('Magento\\Framewo...')
#2 /var/www/html/vendor/magento/framework/ObjectManager/Factory/Dynamic/Developer.php(48): Magento\Framework\ObjectManager\Definition\Runtime->getParameters('Magento\\Framewo...')
#3 /var/www/html/vendor/magento/framework/ObjectManager/ObjectManager.php(59): Magento\Framework\ObjectManager\Factory\Dynamic\Developer->create('Magento\\Framewo...', Array)
#4 /var/www/html/vendor/magento/framework/App/Bootstrap.php(238): Magento\Framework\ObjectManager\ObjectManager->create('Magento\\Framewo...', Array)
#5 /var/www/html/pub/index.php(29): Magento\Framework\App\Bootstrap->createApplication('Magento\\Framewo...')
#6 {main} {"exception":"[object] (ReflectionException(code: -1): Class \"Magento\\Framework\\App\\Http\\Interceptor\" does not exist at /var/www/html/vendor/magento/framework/Code/Reader/ClassReader.php:34)"} []
[2025-11-21T12:03:52.069109+00:00] main.CRITICAL: Symfony\Component\Mailer\Exception\TransportException: Unable to write bytes on the wire. in /var/www/html/vendor/symfony/mailer/Transport/Smtp/Stream/AbstractStream.php:50
Stack trace:
#0 /var/www/html/vendor/symfony/mailer/Transport/SendmailTransport.php(117): Symfony\Component\Mailer\Transport\Smtp\Stream\AbstractStream->write('Content-Type: t...', false)
#1 /var/www/html/vendor/symfony/mailer/Transport/AbstractTransport.php(69): Symfony\Component\Mailer\Transport\SendmailTransport->doSend(Object(Symfony\Component\Mailer\SentMessage))
#2 /var/www/html/vendor/symfony/mailer/Transport/SendmailTransport.php(78): Symfony\Component\Mailer\Transport\AbstractTransport->send(Object(Symfony\Component\Mime\Message), Object(Symfony\Component\Mailer\DelayedEnvelope))
#3 /var/www/html/vendor/symfony/mailer/Mailer.php(42): Symfony\Component\Mailer\Transport\SendmailTransport->send(Object(Symfony\Component\Mime\Message), NULL)
#4 /var/www/html/vendor/magento/module-email/Model/Transport.php(238): Symfony\Component\Mailer\Mailer->send(Object(Symfony\Component\Mime\Message))
#5 /var/www/html/vendor/magento/framework/Interception/Interceptor.php(58): Magento\Email\Model\Transport->sendMessage()
#6 /var/www/html/vendor/magento/framework/Interception/Interceptor.php(138): Magento\Email\Model\Transport\Interceptor->___callParent('sendMessage', Array)
#7 /var/www/html/vendor/magento/module-email/Model/Mail/TransportInterfacePlugin.php(48): Magento\Email\Model\Transport\Interceptor->{closure:Magento\Framework\Interception\Interceptor::___callPlugins():104}()
#8 /var/www/html/vendor/magento/framework/Interception/Interceptor.php(135): Magento\Email\Model\Mail\TransportInterfacePlugin->aroundSendMessage(Object(Magento\Email\Model\Transport\Interceptor), Object(Closure))
#9 /var/www/html/vendor/magento/framework/Interception/Interceptor.php(153): Magento\Email\Model\Transport\Interceptor->{closure:Magento\Framework\Interception\Interceptor::___callPlugins():104}()
#10 /var/www/html/generated/code/Magento/Email/Model/Transport/Interceptor.php(32): Magento\Email\Model\Transport\Interceptor->___callPlugins('sendMessage', Array, NULL)
#11 /var/www/html/vendor/magento/module-two-factor-auth/Model/EmailUserNotifier.php(106): Magento\Email\Model\Transport\Interceptor->sendMessage()
#12 /var/www/html/vendor/magento/module-two-factor-auth/Model/EmailUserNotifier.php(131): Magento\TwoFactorAuth\Model\EmailUserNotifier->sendConfigRequired(Object(Magento\AdminAdobeIms\Model\User\Interceptor), 'eyJ1c2VyX2lkIjo...', 'tfa_admin_app_c...', 'http://docker.l...')
#13 /var/www/html/vendor/magento/module-two-factor-auth/Model/UserConfig/UserConfigRequestManager.php(82): Magento\TwoFactorAuth\Model\EmailUserNotifier->sendAppConfigRequestMessage(Object(Magento\AdminAdobeIms\Model\User\Interceptor), 'eyJ1c2VyX2lkIjo...')
#14 /var/www/html/vendor/magento/module-two-factor-auth/Controller/Adminhtml/Tfa/Requestconfig.php(95): Magento\TwoFactorAuth\Model\UserConfig\UserConfigRequestManager->sendConfigRequestTo(Object(Magento\AdminAdobeIms\Model\User\Interceptor))
#15 /var/www/html/vendor/magento/framework/Interception/Interceptor.php(58): Magento\TwoFactorAuth\Controller\Adminhtml\Tfa\Requestconfig->execute()
#16 /var/www/html/vendor/magento/framework/Interception/Interceptor.php(138): Magento\TwoFactorAuth\Controller\Adminhtml\Tfa\Requestconfig\Interceptor->___callParent('execute', Array)
#17 /var/www/html/vendor/magento/framework/Interception/Interceptor.php(153): Magento\TwoFactorAuth\Controller\Adminhtml\Tfa\Requestconfig\Interceptor->{closure:Magento\Framework\Interception\Interceptor::___callPlugins():104}()
#18 /var/www/html/generated/code/Magento/TwoFactorAuth/Controller/Adminhtml/Tfa/Requestconfig/Interceptor.php(23): Magento\TwoFactorAuth\Controller\Adminhtml\Tfa\Requestconfig\Interceptor->___callPlugins('execute', Array, Array)
#19 /var/www/html/vendor/magento/framework/App/Action/Action.php(111): Magento\TwoFactorAuth\Controller\Adminhtml\Tfa\Requestconfig\Interceptor->execute()
#20 /var/www/html/vendor/magento/module-backend/App/AbstractAction.php(151): Magento\Framework\App\Action\Action->dispatch(Object(Magento\Framework\App\Request\Http))
#21 /var/www/html/vendor/magento/module-two-factor-auth/Controller/Adminhtml/AbstractAction.php(30): Magento\Backend\App\AbstractAction->dispatch(Object(Magento\Framework\App\Request\Http))
#22 /var/www/html/vendor/magento/framework/Interception/Interceptor.php(58): Magento\TwoFactorAuth\Controller\Adminhtml\AbstractAction->dispatch(Object(Magento\Framework\App\Request\Http))
#23 /var/www/html/vendor/magento/framework/Interception/Interceptor.php(138): Magento\TwoFactorAuth\Controller\Adminhtml\Tfa\Requestconfig\Interceptor->___callParent('dispatch', Array)
#24 /var/www/html/vendor/magento/module-backend/App/Action/Plugin/Authentication.php(145): Magento\TwoFactorAuth\Controller\Adminhtml\Tfa\Requestconfig\Interceptor->{closure:Magento\Framework\Interception\Interceptor::___callPlugins():104}(Object(Magento\Framework\App\Request\Http))
#25 /var/www/html/vendor/magento/framework/Interception/Interceptor.php(135): Magento\Backend\App\Action\Plugin\Authentication->aroundDispatch(Object(Magento\TwoFactorAuth\Controller\Adminhtml\Tfa\Requestconfig\Interceptor), Object(Closure), Object(Magento\Framework\App\Request\Http))
#26 /var/www/html/vendor/magento/framework/Interception/Interceptor.php(153): Magento\TwoFactorAuth\Controller\Adminhtml\Tfa\Requestconfig\Interceptor->{closure:Magento\Framework\Interception\Interceptor::___callPlugins():104}(Object(Magento\Framework\App\Request\Http))
#27 /var/www/html/generated/code/Magento/TwoFactorAuth/Controller/Adminhtml/Tfa/Requestconfig/Interceptor.php(32): Magento\TwoFactorAuth\Controller\Adminhtml\Tfa\Requestconfig\Interceptor->___callPlugins('dispatch', Array, Array)
#28 /var/www/html/vendor/magento/framework/App/FrontController.php(245): Magento\TwoFactorAuth\Controller\Adminhtml\Tfa\Requestconfig\Interceptor->dispatch(Object(Magento\Framework\App\Request\Http))
#29 /var/www/html/vendor/magento/framework/App/FrontController.php(212): Magento\Framework\App\FrontController->getActionResponse(Object(Magento\TwoFactorAuth\Controller\Adminhtml\Tfa\Requestconfig\Interceptor), Object(Magento\Framework\App\Request\Http))
#30 /var/www/html/vendor/magento/framework/App/FrontController.php(146): Magento\Framework\App\FrontController->processRequest(Object(Magento\Framework\App\Request\Http), Object(Magento\TwoFactorAuth\Controller\Adminhtml\Tfa\Requestconfig\Interceptor))
#31 /var/www/html/vendor/magento/framework/Interception/Interceptor.php(58): Magento\Framework\App\FrontController->dispatch(Object(Magento\Framework\App\Request\Http))
#32 /var/www/html/vendor/magento/framework/Interception/Interceptor.php(138): Magento\Framework\App\FrontController\Interceptor->___callParent('dispatch', Array)
#33 /var/www/html/vendor/magento/framework/Interception/Interceptor.php(153): Magento\Framework\App\FrontController\Interceptor->{closure:Magento\Framework\Interception\Interceptor::___callPlugins():104}(Object(Magento\Framework\App\Request\Http))
#34 /var/www/html/generated/code/Magento/Framework/App/FrontController/Interceptor.php(23): Magento\Framework\App\FrontController\Interceptor->___callPlugins('dispatch', Array, Array)
#35 /var/www/html/vendor/magento/framework/App/Http.php(116): Magento\Framework\App\FrontController\Interceptor->dispatch(Object(Magento\Framework\App\Request\Http))
#36 /var/www/html/vendor/magento/framework/Interception/Interceptor.php(58): Magento\Framework\App\Http->launch()
#37 /var/www/html/vendor/magento/framework/Interception/Interceptor.php(138): Magento\Framework\App\Http\Interceptor->___callParent('launch', Array)
#38 /var/www/html/vendor/magento/module-application-performance-monitor/Plugin/ApplicationPerformanceMonitor.php(38): Magento\Framework\App\Http\Interceptor->{closure:Magento\Framework\Interception\Interceptor::___callPlugins():104}()
#39 /var/www/html/vendor/magento/framework/Interception/Interceptor.php(135): Magento\ApplicationPerformanceMonitor\Plugin\ApplicationPerformanceMonitor->aroundLaunch(Object(Magento\Framework\App\Http\Interceptor), Object(Closure))
#40 /var/www/html/vendor/magento/framework/Interception/Interceptor.php(153): Magento\Framework\App\Http\Interceptor->{closure:Magento\Framework\Interception\Interceptor::___callPlugins():104}()
#41 /var/www/html/generated/code/Magento/Framework/App/Http/Interceptor.php(23): Magento\Framework\App\Http\Interceptor->___callPlugins('launch', Array, NULL)
#42 /var/www/html/vendor/magento/framework/App/Bootstrap.php(264): Magento\Framework\App\Http\Interceptor->launch()
#43 /var/www/html/pub/index.php(30): Magento\Framework\App\Bootstrap->run(Object(Magento\Framework\App\Http\Interceptor))
#44 {main}

Next Magento\Framework\Exception\MailException: Transport error: Unable to send mail at this time. in /var/www/html/vendor/magento/module-email/Model/Transport.php:241
Stack trace:
#0 /var/www/html/vendor/magento/framework/Interception/Interceptor.php(58): Magento\Email\Model\Transport->sendMessage()
#1 /var/www/html/vendor/magento/framework/Interception/Interceptor.php(138): Magento\Email\Model\Transport\Interceptor->___callParent('sendMessage', Array)
#2 /var/www/html/vendor/magento/module-email/Model/Mail/TransportInterfacePlugin.php(48): Magento\Email\Model\Transport\Interceptor->{closure:Magento\Framework\Interception\Interceptor::___callPlugins():104}()
#3 /var/www/html/vendor/magento/framework/Interception/Interceptor.php(135): Magento\Email\Model\Mail\TransportInterfacePlugin->aroundSendMessage(Object(Magento\Email\Model\Transport\Interceptor), Object(Closure))
#4 /var/www/html/vendor/magento/framework/Interception/Interceptor.php(153): Magento\Email\Model\Transport\Interceptor->{closure:Magento\Framework\Interception\Interceptor::___callPlugins():104}()
#5 /var/www/html/generated/code/Magento/Email/Model/Transport/Interceptor.php(32): Magento\Email\Model\Transport\Interceptor->___callPlugins('sendMessage', Array, NULL)
#6 /var/www/html/vendor/magento/module-two-factor-auth/Model/EmailUserNotifier.php(106): Magento\Email\Model\Transport\Interceptor->sendMessage()
#7 /var/www/html/vendor/magento/module-two-factor-auth/Model/EmailUserNotifier.php(131): Magento\TwoFactorAuth\Model\EmailUserNotifier->sendConfigRequired(Object(Magento\AdminAdobeIms\Model\User\Interceptor), 'eyJ1c2VyX2lkIjo...', 'tfa_admin_app_c...', 'http://docker.l...')
#8 /var/www/html/vendor/magento/module-two-factor-auth/Model/UserConfig/UserConfigRequestManager.php(82): Magento\TwoFactorAuth\Model\EmailUserNotifier->sendAppConfigRequestMessage(Object(Magento\AdminAdobeIms\Model\User\Interceptor), 'eyJ1c2VyX2lkIjo...')
#9 /var/www/html/vendor/magento/module-two-factor-auth/Controller/Adminhtml/Tfa/Requestconfig.php(95): Magento\TwoFactorAuth\Model\UserConfig\UserConfigRequestManager->sendConfigRequestTo(Object(Magento\AdminAdobeIms\Model\User\Interceptor))
#10 /var/www/html/vendor/magento/framework/Interception/Interceptor.php(58): Magento\TwoFactorAuth\Controller\Adminhtml\Tfa\Requestconfig->execute()
#11 /var/www/html/vendor/magento/framework/Interception/Interceptor.php(138): Magento\TwoFactorAuth\Controller\Adminhtml\Tfa\Requestconfig\Interceptor->___callParent('execute', Array)
#12 /var/www/html/vendor/magento/framework/Interception/Interceptor.php(153): Magento\TwoFactorAuth\Controller\Adminhtml\Tfa\Requestconfig\Interceptor->{closure:Magento\Framework\Interception\Interceptor::___callPlugins():104}()
#13 /var/www/html/generated/code/Magento/TwoFactorAuth/Controller/Adminhtml/Tfa/Requestconfig/Interceptor.php(23): Magento\TwoFactorAuth\Controller\Adminhtml\Tfa\Requestconfig\Interceptor->___callPlugins('execute', Array, Array)
#14 /var/www/html/vendor/magento/framework/App/Action/Action.php(111): Magento\TwoFactorAuth\Controller\Adminhtml\Tfa\Requestconfig\Interceptor->execute()
#15 /var/www/html/vendor/magento/module-backend/App/AbstractAction.php(151): Magento\Framework\App\Action\Action->dispatch(Object(Magento\Framework\App\Request\Http))
#16 /var/www/html/vendor/magento/module-two-factor-auth/Controller/Adminhtml/AbstractAction.php(30): Magento\Backend\App\AbstractAction->dispatch(Object(Magento\Framework\App\Request\Http))
#17 /var/www/html/vendor/magento/framework/Interception/Interceptor.php(58): Magento\TwoFactorAuth\Controller\Adminhtml\AbstractAction->dispatch(Object(Magento\Framework\App\Request\Http))
#18 /var/www/html/vendor/magento/framework/Interception/Interceptor.php(138): Magento\TwoFactorAuth\Controller\Adminhtml\Tfa\Requestconfig\Interceptor->___callParent('dispatch', Array)
#19 /var/www/html/vendor/magento/module-backend/App/Action/Plugin/Authentication.php(145): Magento\TwoFactorAuth\Controller\Adminhtml\Tfa\Requestconfig\Interceptor->{closure:Magento\Framework\Interception\Interceptor::___callPlugins():104}(Object(Magento\Framework\App\Request\Http))
#20 /var/www/html/vendor/magento/framework/Interception/Interceptor.php(135): Magento\Backend\App\Action\Plugin\Authentication->aroundDispatch(Object(Magento\TwoFactorAuth\Controller\Adminhtml\Tfa\Requestconfig\Interceptor), Object(Closure), Object(Magento\Framework\App\Request\Http))
#21 /var/www/html/vendor/magento/framework/Interception/Interceptor.php(153): Magento\TwoFactorAuth\Controller\Adminhtml\Tfa\Requestconfig\Interceptor->{closure:Magento\Framework\Interception\Interceptor::___callPlugins():104}(Object(Magento\Framework\App\Request\Http))
#22 /var/www/html/generated/code/Magento/TwoFactorAuth/Controller/Adminhtml/Tfa/Requestconfig/Interceptor.php(32): Magento\TwoFactorAuth\Controller\Adminhtml\Tfa\Requestconfig\Interceptor->___callPlugins('dispatch', Array, Array)
#23 /var/www/html/vendor/magento/framework/App/FrontController.php(245): Magento\TwoFactorAuth\Controller\Adminhtml\Tfa\Requestconfig\Interceptor->dispatch(Object(Magento\Framework\App\Request\Http))
#24 /var/www/html/vendor/magento/framework/App/FrontController.php(212): Magento\Framework\App\FrontController->getActionResponse(Object(Magento\TwoFactorAuth\Controller\Adminhtml\Tfa\Requestconfig\Interceptor), Object(Magento\Framework\App\Request\Http))
#25 /var/www/html/vendor/magento/framework/App/FrontController.php(146): Magento\Framework\App\FrontController->processRequest(Object(Magento\Framework\App\Request\Http), Object(Magento\TwoFactorAuth\Controller\Adminhtml\Tfa\Requestconfig\Interceptor))
#26 /var/www/html/vendor/magento/framework/Interception/Interceptor.php(58): Magento\Framework\App\FrontController->dispatch(Object(Magento\Framework\App\Request\Http))
#27 /var/www/html/vendor/magento/framework/Interception/Interceptor.php(138): Magento\Framework\App\FrontController\Interceptor->___callParent('dispatch', Array)
#28 /var/www/html/vendor/magento/framework/Interception/Interceptor.php(153): Magento\Framework\App\FrontController\Interceptor->{closure:Magento\Framework\Interception\Interceptor::___callPlugins():104}(Object(Magento\Framework\App\Request\Http))
#29 /var/www/html/generated/code/Magento/Framework/App/FrontController/Interceptor.php(23): Magento\Framework\App\FrontController\Interceptor->___callPlugins('dispatch', Array, Array)
#30 /var/www/html/vendor/magento/framework/App/Http.php(116): Magento\Framework\App\FrontController\Interceptor->dispatch(Object(Magento\Framework\App\Request\Http))
#31 /var/www/html/vendor/magento/framework/Interception/Interceptor.php(58): Magento\Framework\App\Http->launch()
#32 /var/www/html/vendor/magento/framework/Interception/Interceptor.php(138): Magento\Framework\App\Http\Interceptor->___callParent('launch', Array)
#33 /var/www/html/vendor/magento/module-application-performance-monitor/Plugin/ApplicationPerformanceMonitor.php(38): Magento\Framework\App\Http\Interceptor->{closure:Magento\Framework\Interception\Interceptor::___callPlugins():104}()
#34 /var/www/html/vendor/magento/framework/Interception/Interceptor.php(135): Magento\ApplicationPerformanceMonitor\Plugin\ApplicationPerformanceMonitor->aroundLaunch(Object(Magento\Framework\App\Http\Interceptor), Object(Closure))
#35 /var/www/html/vendor/magento/framework/Interception/Interceptor.php(153): Magento\Framework\App\Http\Interceptor->{closure:Magento\Framework\Interception\Interceptor::___callPlugins():104}()
#36 /var/www/html/generated/code/Magento/Framework/App/Http/Interceptor.php(23): Magento\Framework\App\Http\Interceptor->___callPlugins('launch', Array, NULL)
#37 /var/www/html/vendor/magento/framework/App/Bootstrap.php(264): Magento\Framework\App\Http\Interceptor->launch()
#38 /var/www/html/pub/index.php(30): Magento\Framework\App\Bootstrap->run(Object(Magento\Framework\App\Http\Interceptor))
#39 {main} {"exception":"[object] (Magento\\Framework\\Exception\\MailException(code: 0): Transport error: Unable to send mail at this time. at /var/www/html/vendor/magento/module-email/Model/Transport.php:241)
[previous exception] [object] (Symfony\\Component\\Mailer\\Exception\\TransportException(code: 0): Unable to write bytes on the wire. at /var/www/html/vendor/symfony/mailer/Transport/Smtp/Stream/AbstractStream.php:50)"} []
[2025-11-21T12:03:58.359681+00:00] main.CRITICAL: Symfony\Component\Mailer\Exception\TransportException: Unable to write bytes on the wire. in /var/www/html/vendor/symfony/mailer/Transport/Smtp/Stream/AbstractStream.php:50
Stack trace:
#0 /var/www/html/vendor/symfony/mailer/Transport/SendmailTransport.php(117): Symfony\Component\Mailer\Transport\Smtp\Stream\AbstractStream->write('Subject: 2FA co...', false)
#1 /var/www/html/vendor/symfony/mailer/Transport/AbstractTransport.php(69): Symfony\Component\Mailer\Transport\SendmailTransport->doSend(Object(Symfony\Component\Mailer\SentMessage))
#2 /var/www/html/vendor/symfony/mailer/Transport/SendmailTransport.php(78): Symfony\Component\Mailer\Transport\AbstractTransport->send(Object(Symfony\Component\Mime\Message), Object(Symfony\Component\Mailer\DelayedEnvelope))
#3 /var/www/html/vendor/symfony/mailer/Mailer.php(42): Symfony\Component\Mailer\Transport\SendmailTransport->send(Object(Symfony\Component\Mime\Message), NULL)
#4 /var/www/html/vendor/magento/module-email/Model/Transport.php(238): Symfony\Component\Mailer\Mailer->send(Object(Symfony\Component\Mime\Message))
#5 /var/www/html/vendor/magento/framework/Interception/Interceptor.php(58): Magento\Email\Model\Transport->sendMessage()
#6 /var/www/html/vendor/magento/framework/Interception/Interceptor.php(138): Magento\Email\Model\Transport\Interceptor->___callParent('sendMessage', Array)
#7 /var/www/html/vendor/magento/module-email/Model/Mail/TransportInterfacePlugin.php(48): Magento\Email\Model\Transport\Interceptor->{closure:Magento\Framework\Interception\Interceptor::___callPlugins():104}()
#8 /var/www/html/vendor/magento/framework/Interception/Interceptor.php(135): Magento\Email\Model\Mail\TransportInterfacePlugin->aroundSendMessage(Object(Magento\Email\Model\Transport\Interceptor), Object(Closure))
#9 /var/www/html/vendor/magento/framework/Interception/Interceptor.php(153): Magento\Email\Model\Transport\Interceptor->{closure:Magento\Framework\Interception\Interceptor::___callPlugins():104}()
#10 /var/www/html/generated/code/Magento/Email/Model/Transport/Interceptor.php(32): Magento\Email\Model\Transport\Interceptor->___callPlugins('sendMessage', Array, NULL)
#11 /var/www/html/vendor/magento/module-two-factor-auth/Model/EmailUserNotifier.php(106): Magento\Email\Model\Transport\Interceptor->sendMessage()
#12 /var/www/html/vendor/magento/module-two-factor-auth/Model/EmailUserNotifier.php(131): Magento\TwoFactorAuth\Model\EmailUserNotifier->sendConfigRequired(Object(Magento\AdminAdobeIms\Model\User\Interceptor), 'eyJ1c2VyX2lkIjo...', 'tfa_admin_app_c...', 'http://docker.l...')
#13 /var/www/html/vendor/magento/module-two-factor-auth/Model/UserConfig/UserConfigRequestManager.php(82): Magento\TwoFactorAuth\Model\EmailUserNotifier->sendAppConfigRequestMessage(Object(Magento\AdminAdobeIms\Model\User\Interceptor), 'eyJ1c2VyX2lkIjo...')
#14 /var/www/html/vendor/magento/module-two-factor-auth/Controller/Adminhtml/Tfa/Requestconfig.php(95): Magento\TwoFactorAuth\Model\UserConfig\UserConfigRequestManager->sendConfigRequestTo(Object(Magento\AdminAdobeIms\Model\User\Interceptor))
#15 /var/www/html/vendor/magento/framework/Interception/Interceptor.php(58): Magento\TwoFactorAuth\Controller\Adminhtml\Tfa\Requestconfig->execute()
#16 /var/www/html/vendor/magento/framework/Interception/Interceptor.php(138): Magento\TwoFactorAuth\Controller\Adminhtml\Tfa\Requestconfig\Interceptor->___callParent('execute', Array)
#17 /var/www/html/vendor/magento/framework/Interception/Interceptor.php(153): Magento\TwoFactorAuth\Controller\Adminhtml\Tfa\Requestconfig\Interceptor->{closure:Magento\Framework\Interception\Interceptor::___callPlugins():104}()
#18 /var/www/html/generated/code/Magento/TwoFactorAuth/Controller/Adminhtml/Tfa/Requestconfig/Interceptor.php(23): Magento\TwoFactorAuth\Controller\Adminhtml\Tfa\Requestconfig\Interceptor->___callPlugins('execute', Array, Array)
#19 /var/www/html/vendor/magento/framework/App/Action/Action.php(111): Magento\TwoFactorAuth\Controller\Adminhtml\Tfa\Requestconfig\Interceptor->execute()
#20 /var/www/html/vendor/magento/module-backend/App/AbstractAction.php(151): Magento\Framework\App\Action\Action->dispatch(Object(Magento\Framework\App\Request\Http))
#21 /var/www/html/vendor/magento/module-two-factor-auth/Controller/Adminhtml/AbstractAction.php(30): Magento\Backend\App\AbstractAction->dispatch(Object(Magento\Framework\App\Request\Http))
#22 /var/www/html/vendor/magento/framework/Interception/Interceptor.php(58): Magento\TwoFactorAuth\Controller\Adminhtml\AbstractAction->dispatch(Object(Magento\Framework\App\Request\Http))
#23 /var/www/html/vendor/magento/framework/Interception/Interceptor.php(138): Magento\TwoFactorAuth\Controller\Adminhtml\Tfa\Requestconfig\Interceptor->___callParent('dispatch', Array)
#24 /var/www/html/vendor/magento/module-backend/App/Action/Plugin/Authentication.php(145): Magento\TwoFactorAuth\Controller\Adminhtml\Tfa\Requestconfig\Interceptor->{closure:Magento\Framework\Interception\Interceptor::___callPlugins():104}(Object(Magento\Framework\App\Request\Http))
#25 /var/www/html/vendor/magento/framework/Interception/Interceptor.php(135): Magento\Backend\App\Action\Plugin\Authentication->aroundDispatch(Object(Magento\TwoFactorAuth\Controller\Adminhtml\Tfa\Requestconfig\Interceptor), Object(Closure), Object(Magento\Framework\App\Request\Http))
#26 /var/www/html/vendor/magento/framework/Interception/Interceptor.php(153): Magento\TwoFactorAuth\Controller\Adminhtml\Tfa\Requestconfig\Interceptor->{closure:Magento\Framework\Interception\Interceptor::___callPlugins():104}(Object(Magento\Framework\App\Request\Http))
#27 /var/www/html/generated/code/Magento/TwoFactorAuth/Controller/Adminhtml/Tfa/Requestconfig/Interceptor.php(32): Magento\TwoFactorAuth\Controller\Adminhtml\Tfa\Requestconfig\Interceptor->___callPlugins('dispatch', Array, Array)
#28 /var/www/html/vendor/magento/framework/App/FrontController.php(245): Magento\TwoFactorAuth\Controller\Adminhtml\Tfa\Requestconfig\Interceptor->dispatch(Object(Magento\Framework\App\Request\Http))
#29 /var/www/html/vendor/magento/framework/App/FrontController.php(212): Magento\Framework\App\FrontController->getActionResponse(Object(Magento\TwoFactorAuth\Controller\Adminhtml\Tfa\Requestconfig\Interceptor), Object(Magento\Framework\App\Request\Http))
#30 /var/www/html/vendor/magento/framework/App/FrontController.php(146): Magento\Framework\App\FrontController->processRequest(Object(Magento\Framework\App\Request\Http), Object(Magento\TwoFactorAuth\Controller\Adminhtml\Tfa\Requestconfig\Interceptor))
#31 /var/www/html/vendor/magento/framework/Interception/Interceptor.php(58): Magento\Framework\App\FrontController->dispatch(Object(Magento\Framework\App\Request\Http))
#32 /var/www/html/vendor/magento/framework/Interception/Interceptor.php(138): Magento\Framework\App\FrontController\Interceptor->___callParent('dispatch', Array)
#33 /var/www/html/vendor/magento/framework/Interception/Interceptor.php(153): Magento\Framework\App\FrontController\Interceptor->{closure:Magento\Framework\Interception\Interceptor::___callPlugins():104}(Object(Magento\Framework\App\Request\Http))
#34 /var/www/html/generated/code/Magento/Framework/App/FrontController/Interceptor.php(23): Magento\Framework\App\FrontController\Interceptor->___callPlugins('dispatch', Array, Array)
#35 /var/www/html/vendor/magento/framework/App/Http.php(116): Magento\Framework\App\FrontController\Interceptor->dispatch(Object(Magento\Framework\App\Request\Http))
#36 /var/www/html/vendor/magento/framework/Interception/Interceptor.php(58): Magento\Framework\App\Http->launch()
#37 /var/www/html/vendor/magento/framework/Interception/Interceptor.php(138): Magento\Framework\App\Http\Interceptor->___callParent('launch', Array)
#38 /var/www/html/vendor/magento/module-application-performance-monitor/Plugin/ApplicationPerformanceMonitor.php(38): Magento\Framework\App\Http\Interceptor->{closure:Magento\Framework\Interception\Interceptor::___callPlugins():104}()
#39 /var/www/html/vendor/magento/framework/Interception/Interceptor.php(135): Magento\ApplicationPerformanceMonitor\Plugin\ApplicationPerformanceMonitor->aroundLaunch(Object(Magento\Framework\App\Http\Interceptor), Object(Closure))
#40 /var/www/html/vendor/magento/framework/Interception/Interceptor.php(153): Magento\Framework\App\Http\Interceptor->{closure:Magento\Framework\Interception\Interceptor::___callPlugins():104}()
#41 /var/www/html/generated/code/Magento/Framework/App/Http/Interceptor.php(23): Magento\Framework\App\Http\Interceptor->___callPlugins('launch', Array, NULL)
#42 /var/www/html/vendor/magento/framework/App/Bootstrap.php(264): Magento\Framework\App\Http\Interceptor->launch()
#43 /var/www/html/pub/index.php(30): Magento\Framework\App\Bootstrap->run(Object(Magento\Framework\App\Http\Interceptor))
#44 {main}

Next Magento\Framework\Exception\MailException: Transport error: Unable to send mail at this time. in /var/www/html/vendor/magento/module-email/Model/Transport.php:241
Stack trace:
#0 /var/www/html/vendor/magento/framework/Interception/Interceptor.php(58): Magento\Email\Model\Transport->sendMessage()
#1 /var/www/html/vendor/magento/framework/Interception/Interceptor.php(138): Magento\Email\Model\Transport\Interceptor->___callParent('sendMessage', Array)
#2 /var/www/html/vendor/magento/module-email/Model/Mail/TransportInterfacePlugin.php(48): Magento\Email\Model\Transport\Interceptor->{closure:Magento\Framework\Interception\Interceptor::___callPlugins():104}()
#3 /var/www/html/vendor/magento/framework/Interception/Interceptor.php(135): Magento\Email\Model\Mail\TransportInterfacePlugin->aroundSendMessage(Object(Magento\Email\Model\Transport\Interceptor), Object(Closure))
#4 /var/www/html/vendor/magento/framework/Interception/Interceptor.php(153): Magento\Email\Model\Transport\Interceptor->{closure:Magento\Framework\Interception\Interceptor::___callPlugins():104}()
#5 /var/www/html/generated/code/Magento/Email/Model/Transport/Interceptor.php(32): Magento\Email\Model\Transport\Interceptor->___callPlugins('sendMessage', Array, NULL)
#6 /var/www/html/vendor/magento/module-two-factor-auth/Model/EmailUserNotifier.php(106): Magento\Email\Model\Transport\Interceptor->sendMessage()
#7 /var/www/html/vendor/magento/module-two-factor-auth/Model/EmailUserNotifier.php(131): Magento\TwoFactorAuth\Model\EmailUserNotifier->sendConfigRequired(Object(Magento\AdminAdobeIms\Model\User\Interceptor), 'eyJ1c2VyX2lkIjo...', 'tfa_admin_app_c...', 'http://docker.l...')
#8 /var/www/html/vendor/magento/module-two-factor-auth/Model/UserConfig/UserConfigRequestManager.php(82): Magento\TwoFactorAuth\Model\EmailUserNotifier->sendAppConfigRequestMessage(Object(Magento\AdminAdobeIms\Model\User\Interceptor), 'eyJ1c2VyX2lkIjo...')
#9 /var/www/html/vendor/magento/module-two-factor-auth/Controller/Adminhtml/Tfa/Requestconfig.php(95): Magento\TwoFactorAuth\Model\UserConfig\UserConfigRequestManager->sendConfigRequestTo(Object(Magento\AdminAdobeIms\Model\User\Interceptor))
#10 /var/www/html/vendor/magento/framework/Interception/Interceptor.php(58): Magento\TwoFactorAuth\Controller\Adminhtml\Tfa\Requestconfig->execute()
#11 /var/www/html/vendor/magento/framework/Interception/Interceptor.php(138): Magento\TwoFactorAuth\Controller\Adminhtml\Tfa\Requestconfig\Interceptor->___callParent('execute', Array)
#12 /var/www/html/vendor/magento/framework/Interception/Interceptor.php(153): Magento\TwoFactorAuth\Controller\Adminhtml\Tfa\Requestconfig\Interceptor->{closure:Magento\Framework\Interception\Interceptor::___callPlugins():104}()
#13 /var/www/html/generated/code/Magento/TwoFactorAuth/Controller/Adminhtml/Tfa/Requestconfig/Interceptor.php(23): Magento\TwoFactorAuth\Controller\Adminhtml\Tfa\Requestconfig\Interceptor->___callPlugins('execute', Array, Array)
#14 /var/www/html/vendor/magento/framework/App/Action/Action.php(111): Magento\TwoFactorAuth\Controller\Adminhtml\Tfa\Requestconfig\Interceptor->execute()
#15 /var/www/html/vendor/magento/module-backend/App/AbstractAction.php(151): Magento\Framework\App\Action\Action->dispatch(Object(Magento\Framework\App\Request\Http))
#16 /var/www/html/vendor/magento/module-two-factor-auth/Controller/Adminhtml/AbstractAction.php(30): Magento\Backend\App\AbstractAction->dispatch(Object(Magento\Framework\App\Request\Http))
#17 /var/www/html/vendor/magento/framework/Interception/Interceptor.php(58): Magento\TwoFactorAuth\Controller\Adminhtml\AbstractAction->dispatch(Object(Magento\Framework\App\Request\Http))
#18 /var/www/html/vendor/magento/framework/Interception/Interceptor.php(138): Magento\TwoFactorAuth\Controller\Adminhtml\Tfa\Requestconfig\Interceptor->___callParent('dispatch', Array)
#19 /var/www/html/vendor/magento/module-backend/App/Action/Plugin/Authentication.php(145): Magento\TwoFactorAuth\Controller\Adminhtml\Tfa\Requestconfig\Interceptor->{closure:Magento\Framework\Interception\Interceptor::___callPlugins():104}(Object(Magento\Framework\App\Request\Http))
#20 /var/www/html/vendor/magento/framework/Interception/Interceptor.php(135): Magento\Backend\App\Action\Plugin\Authentication->aroundDispatch(Object(Magento\TwoFactorAuth\Controller\Adminhtml\Tfa\Requestconfig\Interceptor), Object(Closure), Object(Magento\Framework\App\Request\Http))
#21 /var/www/html/vendor/magento/framework/Interception/Interceptor.php(153): Magento\TwoFactorAuth\Controller\Adminhtml\Tfa\Requestconfig\Interceptor->{closure:Magento\Framework\Interception\Interceptor::___callPlugins():104}(Object(Magento\Framework\App\Request\Http))
#22 /var/www/html/generated/code/Magento/TwoFactorAuth/Controller/Adminhtml/Tfa/Requestconfig/Interceptor.php(32): Magento\TwoFactorAuth\Controller\Adminhtml\Tfa\Requestconfig\Interceptor->___callPlugins('dispatch', Array, Array)
#23 /var/www/html/vendor/magento/framework/App/FrontController.php(245): Magento\TwoFactorAuth\Controller\Adminhtml\Tfa\Requestconfig\Interceptor->dispatch(Object(Magento\Framework\App\Request\Http))
#24 /var/www/html/vendor/magento/framework/App/FrontController.php(212): Magento\Framework\App\FrontController->getActionResponse(Object(Magento\TwoFactorAuth\Controller\Adminhtml\Tfa\Requestconfig\Interceptor), Object(Magento\Framework\App\Request\Http))
#25 /var/www/html/vendor/magento/framework/App/FrontController.php(146): Magento\Framework\App\FrontController->processRequest(Object(Magento\Framework\App\Request\Http), Object(Magento\TwoFactorAuth\Controller\Adminhtml\Tfa\Requestconfig\Interceptor))
#26 /var/www/html/vendor/magento/framework/Interception/Interceptor.php(58): Magento\Framework\App\FrontController->dispatch(Object(Magento\Framework\App\Request\Http))
#27 /var/www/html/vendor/magento/framework/Interception/Interceptor.php(138): Magento\Framework\App\FrontController\Interceptor->___callParent('dispatch', Array)
#28 /var/www/html/vendor/magento/framework/Interception/Interceptor.php(153): Magento\Framework\App\FrontController\Interceptor->{closure:Magento\Framework\Interception\Interceptor::___callPlugins():104}(Object(Magento\Framework\App\Request\Http))
#29 /var/www/html/generated/code/Magento/Framework/App/FrontController/Interceptor.php(23): Magento\Framework\App\FrontController\Interceptor->___callPlugins('dispatch', Array, Array)
#30 /var/www/html/vendor/magento/framework/App/Http.php(116): Magento\Framework\App\FrontController\Interceptor->dispatch(Object(Magento\Framework\App\Request\Http))
#31 /var/www/html/vendor/magento/framework/Interception/Interceptor.php(58): Magento\Framework\App\Http->launch()
#32 /var/www/html/vendor/magento/framework/Interception/Interceptor.php(138): Magento\Framework\App\Http\Interceptor->___callParent('launch', Array)
#33 /var/www/html/vendor/magento/module-application-performance-monitor/Plugin/ApplicationPerformanceMonitor.php(38): Magento\Framework\App\Http\Interceptor->{closure:Magento\Framework\Interception\Interceptor::___callPlugins():104}()
#34 /var/www/html/vendor/magento/framework/Interception/Interceptor.php(135): Magento\ApplicationPerformanceMonitor\Plugin\ApplicationPerformanceMonitor->aroundLaunch(Object(Magento\Framework\App\Http\Interceptor), Object(Closure))
#35 /var/www/html/vendor/magento/framework/Interception/Interceptor.php(153): Magento\Framework\App\Http\Interceptor->{closure:Magento\Framework\Interception\Interceptor::___callPlugins():104}()
#36 /var/www/html/generated/code/Magento/Framework/App/Http/Interceptor.php(23): Magento\Framework\App\Http\Interceptor->___callPlugins('launch', Array, NULL)
#37 /var/www/html/vendor/magento/framework/App/Bootstrap.php(264): Magento\Framework\App\Http\Interceptor->launch()
#38 /var/www/html/pub/index.php(30): Magento\Framework\App\Bootstrap->run(Object(Magento\Framework\App\Http\Interceptor))
#39 {main} {"exception":"[object] (Magento\\Framework\\Exception\\MailException(code: 0): Transport error: Unable to send mail at this time. at /var/www/html/vendor/magento/module-email/Model/Transport.php:241)
[previous exception] [object] (Symfony\\Component\\Mailer\\Exception\\TransportException(code: 0): Unable to write bytes on the wire. at /var/www/html/vendor/symfony/mailer/Transport/Smtp/Stream/AbstractStream.php:50)"} []
